ATTRIBUTE_ADR	EQU 5800
ENTRY_POINT	EQU 8000
ROM_CLS		EQU 0DAF
		ORG 8000
BLINK_BIT	EQU 0080
INTENSITY_BIT	EQU 0040
BLACK_COLOR	EQU 0000
BLUE_COLOR	EQU 0001
RED_COLOR	EQU 0002
MAGENTA_COLOR	EQU 0003
GREEN_COLOR	EQU 0004
CYAN_COLOR	EQU 0005
YELLOW_COLOR	EQU 0006
WHITE_COLOR	EQU 0007
RED_BLOCK	EQU 0050
ORIG_BLOCK	EQU 0038
INIT_X		EQU 000F
INIT_Y		EQU 000C
INIT_POSITION	EQU 598F
KB_ROW_0_PORT	EQU 00FE
KB_ROW_1_PORT	EQU 00FD
KB_ROW_2_PORT	EQU 00FB
KB_ROW_3_PORT	EQU 00F7
KB_ROW_4_PORT	EQU 00EF
KB_ROW_5_PORT	EQU 00DF
KB_ROW_6_PORT	EQU 00BF
KB_ROW_7_PORT	EQU 007F
Defining MACRO changeAttribute
Params: attribute
Defining MACRO keypress
Params: port
Defining MACRO add_to_hl
Params: value
Defining MACRO sub_from_hl
Params: value
8000:		label start
8000:CDAF0D	CALL 0DAF
8003:218F59	LD HL, 598F
Expanding MACRO changeAttribute
attribute= RED_BLOCK 
LD ( HL ) , attribute 
8006:3650	LD (HL), 50
ENDM 
		ENDM
End of MACRO changeAttribute
8008:		label repeat
8008:0EFE	LD C, FE
Expanding MACRO keypress
port= KB_ROW_3_PORT 
LD B , port 
800A:06F7	LD B, F7
IN A , ( C ) 
800C:ED78	IN A, (C)
ENDM 
		ENDM
End of MACRO keypress
800E:1F		RRA
800F:3805	JR C, 8016
Expanding MACRO changeAttribute
attribute= ORIG_BLOCK 
LD ( HL ) , attribute 
8011:3638	LD (HL), 38
ENDM 
		ENDM
End of MACRO changeAttribute
8013:2B		DEC HL
Expanding MACRO changeAttribute
attribute= RED_BLOCK 
LD ( HL ) , attribute 
8014:3650	LD (HL), 50
ENDM 
		ENDM
End of MACRO changeAttribute
8016:		label left_not_pressed
8016:1F		RRA
8017:3805	JR C, 801E
Expanding MACRO changeAttribute
attribute= ORIG_BLOCK 
LD ( HL ) , attribute 
8019:3638	LD (HL), 38
ENDM 
		ENDM
End of MACRO changeAttribute
801B:23		INC HL
Expanding MACRO changeAttribute
attribute= RED_BLOCK 
LD ( HL ) , attribute 
801C:3650	LD (HL), 50
ENDM 
		ENDM
End of MACRO changeAttribute
801E:		label right_not_pressed
801E:1F		RRA
801F:3809	JR C, 802A
Expanding MACRO changeAttribute
attribute= ORIG_BLOCK 
LD ( HL ) , attribute 
8021:3638	LD (HL), 38
ENDM 
		ENDM
End of MACRO changeAttribute
Expanding MACRO add_to_hl
value= 0020 
LD B , 0000 
8023:0600	LD B, 00
LD C , value 
8025:0E20	LD C, 20
ADD HL , BC 
8027:09		ADD HL, BC
ENDM 
		ENDM
End of MACRO add_to_hl
Expanding MACRO changeAttribute
attribute= RED_BLOCK 
LD ( HL ) , attribute 
8028:3650	LD (HL), 50
ENDM 
		ENDM
End of MACRO changeAttribute
802A:		label down_not_pressed
802A:1F		RRA
802B:380B	JR C, 8038
Expanding MACRO changeAttribute
attribute= ORIG_BLOCK 
LD ( HL ) , attribute 
802D:3638	LD (HL), 38
ENDM 
		ENDM
End of MACRO changeAttribute
Expanding MACRO sub_from_hl
value= 0020 
LD B , 0000 
802F:0600	LD B, 00
LD C , value 
8031:0E20	LD C, 20
OR A 
8033:B7		OR A
SBC HL , BC 
8034:ED42	SBC HL, BC
ENDM 
		ENDM
End of MACRO sub_from_hl
Expanding MACRO changeAttribute
attribute= RED_BLOCK 
LD ( HL ) , attribute 
8036:3650	LD (HL), 50
ENDM 
		ENDM
End of MACRO changeAttribute
8038:		label up_not_pressed
8038:CD3D80	CALL 803D
803B:18CB	JR 8008
803D:		label delay
803D:061E	LD B, 1E
803F:		label outer_loop
803F:0E00	LD C, 00
8041:		label inner_loop
8041:0D		DEC C
8042:20FD	JR NZ, 8041
8044:10F9	DJNZ 803F
8046:C9		RET
8047:		END 8000
Emiting TAP basic loader
Emiting TAP from 8000 to 8046
