ENTRY_POINT	EQU 8000
AY_SELECT_REGISTER EQU FFFD
AY_DATA_REGISTER EQU BFFD
		ORG 8000
8000:		label start
8000:3E05	LD A, 05
8002:01FDFF	LD BC, FFFD
8005:ED79	OUT (C), A
8007:3E64	LD A, 64
8009:01FDBF	LD BC, BFFD
800C:ED79	OUT (C), A
800E:3E08	LD A, 08
8010:01FDFF	LD BC, FFFD
8013:ED79	OUT (C), A
8015:3E0F	LD A, 0F
8017:01FDBF	LD BC, BFFD
801A:ED79	OUT (C), A
801C:3E07	LD A, 07
801E:01FDFF	LD BC, FFFD
8021:ED79	OUT (C), A
8023:3EF7	LD A, F7
8025:01FDBF	LD BC, BFFD
8028:ED79	OUT (C), A
802A:		label loop
802A:18FE	JR 802A
802C:		END 8000
Emiting TAP basic loader
Emiting TAP from 8000 to 802B
