ENTRY_POINT	EQU 8000
AY_SELECT_REGISTER EQU FFFD
AY_DATA_REGISTER EQU BFFD
		ORG 8000
8000:		label start
8000:1600	LD D, 00
8002:1E00	LD E, 00
8004:CD1E80	CALL 801E
8007:1601	LD D, 01
8009:1E0A	LD E, 0A
800B:CD1E80	CALL 801E
800E:1608	LD D, 08
8010:1E0F	LD E, 0F
8012:CD1E80	CALL 801E
8015:1607	LD D, 07
8017:1EFE	LD E, FE
8019:CD1E80	CALL 801E
801C:		label loop
801C:18FE	JR 801C
801E:		label ay_write
801E:01FDFF	LD BC, FFFD
8021:ED51	OUT (C), D
8023:01FDBF	LD BC, BFFD
8026:ED59	OUT (C), E
8028:C9		RET
8029:		END 8000
Emiting TAP basic loader
Emiting TAP from 8000 to 8028
