ENTRY_POINT	EQU 8000
AY_SELECT_REGISTER EQU FFFD
AY_DATA_REGISTER EQU BFFD
		ORG 8000
8000:		label start
8000:1605	LD D, 05
8002:1E64	LD E, 64
8004:CD2C80	CALL 802C
8007:1608	LD D, 08
8009:1E10	LD E, 10
800B:CD2C80	CALL 802C
800E:160B	LD D, 0B
8010:1E00	LD E, 00
8012:CD2C80	CALL 802C
8015:160C	LD D, 0C
8017:1E01	LD E, 01
8019:CD2C80	CALL 802C
801C:160D	LD D, 0D
801E:1E0C	LD E, 0C
8020:CD2C80	CALL 802C
8023:1607	LD D, 07
8025:1EF7	LD E, F7
8027:CD2C80	CALL 802C
802A:		label loop
802A:18FE	JR 802A
802C:		label ay_write
802C:01FDFF	LD BC, FFFD
802F:ED51	OUT (C), D
8031:01FDBF	LD BC, BFFD
8034:ED59	OUT (C), E
8036:C9		RET
8037:		END 8000
Emiting TAP basic loader
Emiting TAP from 8000 to 8036
