SCREEN_ADR	EQU 4000
ENTRY_POINT	EQU 8000
		ORG 8000
Defining MACRO draw_shifted_sprite
Params: index
8000:		label start
8000:0600	LD B, 00
8002:0E02	LD C, 02
8004:CD5080	CALL 8050
Expanding MACRO draw_shifted_sprite
index= 0000 
LD HL , SPRITE_ADR + ( index * 0018 * 0004 ) 
8007:218D80	LD HL, 808D
CALL draw_sprite 
800A:CD5F80	CALL 805F
ENDM 
		ENDM
End of MACRO draw_shifted_sprite
800D:0600	LD B, 00
800F:0E05	LD C, 05
8011:CD5080	CALL 8050
Expanding MACRO draw_shifted_sprite
index= 0001 
LD HL , SPRITE_ADR + ( index * 0018 * 0004 ) 
8014:21ED80	LD HL, 80ED
CALL draw_sprite 
8017:CD5F80	CALL 805F
ENDM 
		ENDM
End of MACRO draw_shifted_sprite
801A:0600	LD B, 00
801C:0E09	LD C, 09
801E:CD5080	CALL 8050
Expanding MACRO draw_shifted_sprite
index= 0002 
LD HL , SPRITE_ADR + ( index * 0018 * 0004 ) 
8021:214D81	LD HL, 814D
CALL draw_sprite 
8024:CD5F80	CALL 805F
ENDM 
		ENDM
End of MACRO draw_shifted_sprite
8027:0600	LD B, 00
8029:0E0C	LD C, 0C
802B:CD5080	CALL 8050
Expanding MACRO draw_shifted_sprite
index= 0003 
LD HL , SPRITE_ADR + ( index * 0018 * 0004 ) 
802E:21AD81	LD HL, 81AD
CALL draw_sprite 
8031:CD5F80	CALL 805F
ENDM 
		ENDM
End of MACRO draw_shifted_sprite
8034:0600	LD B, 00
8036:0E10	LD C, 10
8038:CD5080	CALL 8050
Expanding MACRO draw_shifted_sprite
index= 0004 
LD HL , SPRITE_ADR + ( index * 0018 * 0004 ) 
803B:210D82	LD HL, 820D
CALL draw_sprite 
803E:CD5F80	CALL 805F
ENDM 
		ENDM
End of MACRO draw_shifted_sprite
8041:0600	LD B, 00
8043:0E13	LD C, 13
8045:CD5080	CALL 8050
Expanding MACRO draw_shifted_sprite
index= 0005 
LD HL , SPRITE_ADR + ( index * 0018 * 0004 ) 
8048:216D82	LD HL, 826D
CALL draw_sprite 
804B:CD5F80	CALL 805F
ENDM 
		ENDM
End of MACRO draw_shifted_sprite
804E:		label finish
804E:18FE	JR 804E
8050:		label calc_sprite_address
8050:79		LD A, C
8051:E607	AND 07
8053:0F		RRCA
8054:0F		RRCA
8055:0F		RRCA
8056:B0		OR B
8057:5F		LD E, A
8058:79		LD A, C
8059:E618	AND 18
805B:F640	OR 40
805D:57		LD D, A
805E:C9		RET
Defining MACRO add_e
Params: n
805F:		label draw_sprite
805F:D5		PUSH DE
8060:CD7580	CALL 8075
8063:D1		POP DE
Expanding MACRO add_e
n= 0020 
LD A , E 
8064:7B		LD A, E
ADD A , n 
8065:C620	ADD A, 20
LD E , A 
8067:5F		LD E, A
ENDM 
		ENDM
End of MACRO add_e
8068:D5		PUSH DE
8069:CD7580	CALL 8075
806C:D1		POP DE
Expanding MACRO add_e
n= 0020 
LD A , E 
806D:7B		LD A, E
ADD A , n 
806E:C620	ADD A, 20
LD E , A 
8070:5F		LD E, A
ENDM 
		ENDM
End of MACRO add_e
8071:CD7580	CALL 8075
8074:C9		RET
8075:		label draw_8_lines
8075:0608	LD B, 08
8077:		label loop
8077:7E		LD A, (HL)
8078:12		LD (DE), A
8079:23		INC HL
807A:1C		INC E
807B:7E		LD A, (HL)
807C:12		LD (DE), A
807D:23		INC HL
807E:1C		INC E
807F:7E		LD A, (HL)
8080:12		LD (DE), A
8081:23		INC HL
8082:1C		INC E
8083:7E		LD A, (HL)
8084:12		LD (DE), A
8085:23		INC HL
8086:14		INC D
8087:1D		DEC E
8088:1D		DEC E
8089:1D		DEC E
808A:10EB	DJNZ 8077
808C:C9		RET
808D:		label SPRITE_ADR
		INCLUDE sprite_0.asm
808D:		label SPRITE_SHIFT_0
808D:00000000	DEFB of 4 bytes
8091:00000000	DEFB of 4 bytes
8095:01F01000	DEFB of 4 bytes
8099:03381000	DEFB of 4 bytes
809D:05D71000	DEFB of 4 bytes
80A1:05CC1000	DEFB of 4 bytes
80A5:05301000	DEFB of 4 bytes
80A9:04C81000	DEFB of 4 bytes
80AD:07361000	DEFB of 4 bytes
80B1:0CFE3800	DEFB of 4 bytes
80B5:1FF80000	DEFB of 4 bytes
80B9:00003000	DEFB of 4 bytes
80BD:03FFB000	DEFB of 4 bytes
80C1:05FEE000	DEFB of 4 bytes
80C5:0EFDC000	DEFB of 4 bytes
80C9:18FC0000	DEFB of 4 bytes
80CD:18000000	DEFB of 4 bytes
80D1:01F80000	DEFB of 4 bytes
80D5:03FC0000	DEFB of 4 bytes
80D9:01B00000	DEFB of 4 bytes
80DD:020C0000	DEFB of 4 bytes
80E1:070E0000	DEFB of 4 bytes
80E5:1E078000	DEFB of 4 bytes
80E9:00000000	DEFB of 4 bytes
		End of INCLUDE
		INCLUDE sprite_1.asm
80ED:		label SPRITE_SHIFT_1
80ED:00000000	DEFB of 4 bytes
80F1:00000000	DEFB of 4 bytes
80F5:00F80800	DEFB of 4 bytes
80F9:019C0800	DEFB of 4 bytes
80FD:02EB8800	DEFB of 4 bytes
8101:02E60800	DEFB of 4 bytes
8105:02980800	DEFB of 4 bytes
8109:02640800	DEFB of 4 bytes
810D:039B0800	DEFB of 4 bytes
8111:067F1C00	DEFB of 4 bytes
8115:0FFC0000	DEFB of 4 bytes
8119:00001800	DEFB of 4 bytes
811D:01FFD800	DEFB of 4 bytes
8121:02FF7000	DEFB of 4 bytes
8125:077EE000	DEFB of 4 bytes
8129:0C7E0000	DEFB of 4 bytes
812D:0C000000	DEFB of 4 bytes
8131:00FC0000	DEFB of 4 bytes
8135:01FE0000	DEFB of 4 bytes
8139:00D80000	DEFB of 4 bytes
813D:01060000	DEFB of 4 bytes
8141:03870000	DEFB of 4 bytes
8145:0F03C000	DEFB of 4 bytes
8149:00000000	DEFB of 4 bytes
		End of INCLUDE
		INCLUDE sprite_2.asm
814D:		label SPRITE_SHIFT_2
814D:00000000	DEFB of 4 bytes
8151:00000000	DEFB of 4 bytes
8155:007C0400	DEFB of 4 bytes
8159:00CE0400	DEFB of 4 bytes
815D:0175C400	DEFB of 4 bytes
8161:01730400	DEFB of 4 bytes
8165:014C0400	DEFB of 4 bytes
8169:01320400	DEFB of 4 bytes
816D:01CD8400	DEFB of 4 bytes
8171:033F8E00	DEFB of 4 bytes
8175:07FE0000	DEFB of 4 bytes
8179:00000C00	DEFB of 4 bytes
817D:00FFEC00	DEFB of 4 bytes
8181:017FB800	DEFB of 4 bytes
8185:03BF7000	DEFB of 4 bytes
8189:063F0000	DEFB of 4 bytes
818D:06000000	DEFB of 4 bytes
8191:007E0000	DEFB of 4 bytes
8195:00FF0000	DEFB of 4 bytes
8199:006C0000	DEFB of 4 bytes
819D:00830000	DEFB of 4 bytes
81A1:01C38000	DEFB of 4 bytes
81A5:0781E000	DEFB of 4 bytes
81A9:00000000	DEFB of 4 bytes
		End of INCLUDE
		INCLUDE sprite_3.asm
81AD:		label SPRITE_SHIFT_3
81AD:00000000	DEFB of 4 bytes
81B1:00000000	DEFB of 4 bytes
81B5:003E0200	DEFB of 4 bytes
81B9:00670200	DEFB of 4 bytes
81BD:00BAE200	DEFB of 4 bytes
81C1:00B98200	DEFB of 4 bytes
81C5:00A60200	DEFB of 4 bytes
81C9:00990200	DEFB of 4 bytes
81CD:00E6C200	DEFB of 4 bytes
81D1:019FC700	DEFB of 4 bytes
81D5:03FF0000	DEFB of 4 bytes
81D9:00000600	DEFB of 4 bytes
81DD:007FF600	DEFB of 4 bytes
81E1:00BFDC00	DEFB of 4 bytes
81E5:01DFB800	DEFB of 4 bytes
81E9:031F8000	DEFB of 4 bytes
81ED:03000000	DEFB of 4 bytes
81F1:003F0000	DEFB of 4 bytes
81F5:007F8000	DEFB of 4 bytes
81F9:00360000	DEFB of 4 bytes
81FD:00418000	DEFB of 4 bytes
8201:00E1C000	DEFB of 4 bytes
8205:03C0F000	DEFB of 4 bytes
8209:00000000	DEFB of 4 bytes
		End of INCLUDE
		INCLUDE sprite_4.asm
820D:		label SPRITE_SHIFT_4
820D:00000000	DEFB of 4 bytes
8211:00000000	DEFB of 4 bytes
8215:001F0100	DEFB of 4 bytes
8219:00338100	DEFB of 4 bytes
821D:005D7100	DEFB of 4 bytes
8221:005CC100	DEFB of 4 bytes
8225:00530100	DEFB of 4 bytes
8229:004C8100	DEFB of 4 bytes
822D:00736100	DEFB of 4 bytes
8231:00CFE380	DEFB of 4 bytes
8235:01FF8000	DEFB of 4 bytes
8239:00000300	DEFB of 4 bytes
823D:003FFB00	DEFB of 4 bytes
8241:005FEE00	DEFB of 4 bytes
8245:00EFDC00	DEFB of 4 bytes
8249:018FC000	DEFB of 4 bytes
824D:01800000	DEFB of 4 bytes
8251:001F8000	DEFB of 4 bytes
8255:003FC000	DEFB of 4 bytes
8259:001B0000	DEFB of 4 bytes
825D:0020C000	DEFB of 4 bytes
8261:0070E000	DEFB of 4 bytes
8265:01E07800	DEFB of 4 bytes
8269:00000000	DEFB of 4 bytes
		End of INCLUDE
		INCLUDE sprite_5.asm
826D:		label SPRITE_SHIFT_5
826D:00000000	DEFB of 4 bytes
8271:00000000	DEFB of 4 bytes
8275:000F8080	DEFB of 4 bytes
8279:0019C080	DEFB of 4 bytes
827D:002EB880	DEFB of 4 bytes
8281:002E6080	DEFB of 4 bytes
8285:00298080	DEFB of 4 bytes
8289:00264080	DEFB of 4 bytes
828D:0039B080	DEFB of 4 bytes
8291:0067F1C0	DEFB of 4 bytes
8295:00FFC000	DEFB of 4 bytes
8299:00000180	DEFB of 4 bytes
829D:001FFD80	DEFB of 4 bytes
82A1:002FF700	DEFB of 4 bytes
82A5:0077EE00	DEFB of 4 bytes
82A9:00C7E000	DEFB of 4 bytes
82AD:00C00000	DEFB of 4 bytes
82B1:000FC000	DEFB of 4 bytes
82B5:001FE000	DEFB of 4 bytes
82B9:000D8000	DEFB of 4 bytes
82BD:00106000	DEFB of 4 bytes
82C1:00387000	DEFB of 4 bytes
82C5:00F03C00	DEFB of 4 bytes
82C9:00000000	DEFB of 4 bytes
		End of INCLUDE
		INCLUDE sprite_6.asm
82CD:		label SPRITE_SHIFT_6
82CD:00000000	DEFB of 4 bytes
82D1:00000000	DEFB of 4 bytes
82D5:0007C040	DEFB of 4 bytes
82D9:000CE040	DEFB of 4 bytes
82DD:00175C40	DEFB of 4 bytes
82E1:00173040	DEFB of 4 bytes
82E5:0014C040	DEFB of 4 bytes
82E9:00132040	DEFB of 4 bytes
82ED:001CD840	DEFB of 4 bytes
82F1:0033F8E0	DEFB of 4 bytes
82F5:007FE000	DEFB of 4 bytes
82F9:000000C0	DEFB of 4 bytes
82FD:000FFEC0	DEFB of 4 bytes
8301:0017FB80	DEFB of 4 bytes
8305:003BF700	DEFB of 4 bytes
8309:0063F000	DEFB of 4 bytes
830D:00600000	DEFB of 4 bytes
8311:0007E000	DEFB of 4 bytes
8315:000FF000	DEFB of 4 bytes
8319:0006C000	DEFB of 4 bytes
831D:00083000	DEFB of 4 bytes
8321:001C3800	DEFB of 4 bytes
8325:00781E00	DEFB of 4 bytes
8329:00000000	DEFB of 4 bytes
		End of INCLUDE
		INCLUDE sprite_7.asm
832D:		label SPRITE_SHIFT_7
832D:00000000	DEFB of 4 bytes
8331:00000000	DEFB of 4 bytes
8335:0003E020	DEFB of 4 bytes
8339:00067020	DEFB of 4 bytes
833D:000BAE20	DEFB of 4 bytes
8341:000B9820	DEFB of 4 bytes
8345:000A6020	DEFB of 4 bytes
8349:00099020	DEFB of 4 bytes
834D:000E6C20	DEFB of 4 bytes
8351:0019FC70	DEFB of 4 bytes
8355:003FF000	DEFB of 4 bytes
8359:00000060	DEFB of 4 bytes
835D:0007FF60	DEFB of 4 bytes
8361:000BFDC0	DEFB of 4 bytes
8365:001DFB80	DEFB of 4 bytes
8369:0031F800	DEFB of 4 bytes
836D:00300000	DEFB of 4 bytes
8371:0003F000	DEFB of 4 bytes
8375:0007F800	DEFB of 4 bytes
8379:00036000	DEFB of 4 bytes
837D:00041800	DEFB of 4 bytes
8381:000E1C00	DEFB of 4 bytes
8385:003C0F00	DEFB of 4 bytes
8389:00000000	DEFB of 4 bytes
		End of INCLUDE
838D:		END 8000
Emiting TAP basic loader
Emiting TAP from 8000 to 838C
