ENTRY_POINT	EQU 8000
ROM_OPEN_CHANNEL EQU 1601
INK		EQU 0010
PAPER		EQU 0011
FLASH		EQU 0012
BRIGHT		EQU 0013
INVERSE		EQU 0014
BLACK_COLOR	EQU 0000
BLUE_COLOR	EQU 0001
RED_COLOR	EQU 0002
MAGENTA_COLOR	EQU 0003
GREEN_COLOR	EQU 0004
CYAN_COLOR	EQU 0005
YELLOW_COLOR	EQU 0006
WHITE_COLOR	EQU 0007
		ORG 8000
8000:		label start
8000:3E02	LD A, 02
8002:CD0116	CALL 1601
8005:3E10	LD A, 10
8007:D7		RST 10
8008:3E06	LD A, 06
800A:D7		RST 10
800B:3E11	LD A, 11
800D:D7		RST 10
800E:3E01	LD A, 01
8010:D7		RST 10
8011:3E2A	LD A, 2A
8013:D7		RST 10
8014:C9		RET
8015:		END 8000
Emiting TAP basic loader
Emiting TAP from 8000 to 8014
