ENTRY_POINT	EQU 8000
ROM_OPEN_CHANNEL EQU 1601
INK		EQU 0010
PAPER		EQU 0011
FLASH		EQU 0012
BRIGHT		EQU 0013
INVERSE		EQU 0014
BLACK_COLOR	EQU 0000
BLUE_COLOR	EQU 0001
RED_COLOR	EQU 0002
MAGENTA_COLOR	EQU 0003
GREEN_COLOR	EQU 0004
CYAN_COLOR	EQU 0005
YELLOW_COLOR	EQU 0006
WHITE_COLOR	EQU 0007
		ORG 8000
8000:		label start
8000:3E02	LD A, 02
8002:CD0116	CALL 1601
8005:210F80	LD HL, 800F
8008:		label LOOP
8008:7E		LD A, (HL)
8009:A7		AND A
800A:C8		RET Z
800B:D7		RST 10
800C:23		INC HL
800D:18F9	JR 8008
800F:		label TEXT
800F:11024865	DEFB of 19 bytes
8013:6C6C6F10
8017:07537065
801B:63637912
801F:012100
8022:		END 8000
Emiting TAP basic loader
Emiting TAP from 8000 to 8021
