ENTRY_POINT	EQU 8000
ROM_OPEN_CHANNEL EQU 1601
ROM_PRINT	EQU 203C
INK		EQU 0010
PAPER		EQU 0011
FLASH		EQU 0012
BRIGHT		EQU 0013
INVERSE		EQU 0014
BLACK_COLOR	EQU 0000
BLUE_COLOR	EQU 0001
RED_COLOR	EQU 0002
MAGENTA_COLOR	EQU 0003
GREEN_COLOR	EQU 0004
CYAN_COLOR	EQU 0005
YELLOW_COLOR	EQU 0006
WHITE_COLOR	EQU 0007
		ORG 8000
8000:		label start
8000:3E02	LD A, 02
8002:CD0116	CALL 1601
8005:110F80	LD DE, 800F
8008:011200	LD BC, 0012
800B:CD3C20	CALL 203C
800E:C9		RET
800F:		label TEXT
800F:11024865	DEFB of 18 bytes
8013:6C6C6F10
8017:07537065
801B:63637912
801F:0121
TEXT_LENGTH	EQU 0012
8021:		END 8000
Emiting TAP basic loader
Emiting TAP from 8000 to 8020
