ENTRY_POINT	EQU 8000
ROM_OPEN_CHANNEL EQU 1601
ROM_PRINT	EQU 203C
ATTR_T		EQU 5C8F
		ORG 8000
8000:		label start
8000:3E02	LD A, 02
8002:CD0116	CALL 1601
8005:0640	LD B, 40
8007:218F5C	LD HL, 5C8F
800A:		label loop
800A:70		LD (HL), B
800B:C5		PUSH BC
800C:111980	LD DE, 8019
800F:010E00	LD BC, 000E
8012:CD3C20	CALL 203C
8015:C1		POP BC
8016:10F2	DJNZ 800A
8018:C9		RET
8019:		label TEXT
8019:48656C6C	DEFB of 14 bytes
801D:6F2C2073
8021:70656363
8025:7921
TEXT_LENGTH	EQU 000E
8027:		END 8000
Emiting TAP basic loader
Emiting TAP from 8000 to 8026
