ENTRY_POINT	EQU 8000
ROM_CLS		EQU 0DAF
OUT_NUM_1	EQU 1A1B
		ORG 8000
8000:		label start
8000:CDAF0D	CALL 0DAF
8003:AF		XOR A
8004:0614	LD B, 14
8006:		label loop
8006:CD0D80	CALL 800D
8009:3C		INC A
800A:10FA	DJNZ 8006
800C:C9		RET
800D:		label print_hex_digit_nl
800D:F5		PUSH AF
800E:FE0A	CP 0A
8010:3802	JR C, 8014
8012:C607	ADD A, 07
8014:		label print_0_to_9
8014:C630	ADD A, 30
8016:D7		RST 10
8017:		label new_line
8017:3E0D	LD A, 0D
8019:D7		RST 10
801A:F1		POP AF
801B:C9		RET
801C:		END 8000
Emiting TAP basic loader
Emiting TAP from 8000 to 801B
