ENTRY_POINT	EQU 8000
ROM_CLS		EQU 0DAF
OUT_NUM_1	EQU 1A1B
		ORG 8000
8000:		label start
8000:CDAF0D	CALL 0DAF
8003:AF		XOR A
8004:0610	LD B, 10
8006:		label loop
8006:CD0D80	CALL 800D
8009:3C		INC A
800A:10FA	DJNZ 8006
800C:C9		RET
800D:		label print_hex_digit_nl
800D:F5		PUSH AF
800E:F6F0	OR F0
8010:27		DAA
8011:C6A0	ADD A, A0
8013:CE40	ADC A, 40
8015:D7		RST 10
8016:		label new_line
8016:3E0D	LD A, 0D
8018:D7		RST 10
8019:F1		POP AF
801A:C9		RET
801B:		END 8000
Emiting TAP basic loader
Emiting TAP from 8000 to 801A
