ENTRY_POINT	EQU 8000
ROM_CLS		EQU 0DAF
OUT_NUM_1	EQU 1A1B
		ORG 8000
8000:		label start
8000:CDAF0D	CALL 0DAF
8003:211380	LD HL, 8013
8006:		label loop
8006:7E		LD A, (HL)
8007:B7		OR A
8008:C8		RET Z
8009:23		INC HL
800A:CD1F80	CALL 801F
800D:CD3180	CALL 8031
8010:C30680	JP 8006
8013:		label numbers
8013:0102090A	DEFB of 12 bytes
8017:1099A0AA
801B:AFF0FF00
801F:		label print_hex_number
801F:F5		PUSH AF
8020:0F		RRCA
8021:0F		RRCA
8022:0F		RRCA
8023:0F		RRCA
8024:CD2880	CALL 8028
8027:F1		POP AF
8028:		label print_hex_digit
8028:F6F0	OR F0
802A:27		DAA
802B:C6A0	ADD A, A0
802D:CE40	ADC A, 40
802F:D7		RST 10
8030:C9		RET
8031:		label new_line
8031:3E0D	LD A, 0D
8033:D7		RST 10
8034:C9		RET
8035:		END 8000
Emiting TAP basic loader
Emiting TAP from 8000 to 8034
