ENTRY_POINT	EQU 8000
ROM_CLS		EQU 0DAF
PRINT_FP	EQU 2DE3
STK_STORE	EQU 2AB6
		ORG 8000
8000:		label start
8000:CDAF0D	CALL 0DAF
8003:DD213580	LD IX, 8035
8007:CD5880	CALL 8058
800A:DD213A80	LD IX, 803A
800E:CD5880	CALL 8058
8011:DD213F80	LD IX, 803F
8015:CD5880	CALL 8058
8018:DD214480	LD IX, 8044
801C:CD5880	CALL 8058
801F:DD214980	LD IX, 8049
8023:CD5880	CALL 8058
8026:DD214E80	LD IX, 804E
802A:CD5880	CALL 8058
802D:DD215380	LD IX, 8053
8031:CD5880	CALL 8058
8034:C9		RET
8035:		label fp0
8035:00000000	DEFB of 5 bytes
8039:00
803A:		label fp1
803A:80000000	DEFB of 5 bytes
803E:00
803F:		label fp2
803F:80800000	DEFB of 5 bytes
8043:00
8044:		label fp3
8044:80400000	DEFB of 5 bytes
8048:00
8049:		label fp4
8049:81400000	DEFB of 5 bytes
804D:00
804E:		label fp5
804E:81400001	DEFB of 5 bytes
8052:00
8053:		label fp6
8053:813FFFFF	DEFB of 5 bytes
8057:00
8058:		label print_fp_number
8058:DD7E00	LD A, (IX+00)
805B:DD5E01	LD E, (IX+01)
805E:DD5602	LD D, (IX+02)
8061:DD4E03	LD C, (IX+03)
8064:DD4604	LD B, (IX+04)
8067:CDB62A	CALL 2AB6
806A:CDE32D	CALL 2DE3
806D:		label new_line
806D:3E0D	LD A, 0D
806F:D7		RST 10
8070:C9		RET
8071:		END 8000
Emiting TAP basic loader
Emiting TAP from 8000 to 8070
