ATTRIBUTE_ADR	EQU 5800
ENTRY_POINT	EQU 8000
ROM_CLS		EQU 0DAF
		ORG 8000
BLINK_BIT	EQU 0080
INTENSITY_BIT	EQU 0040
BLACK_COLOR	EQU 0000
BLUE_COLOR	EQU 0001
RED_COLOR	EQU 0002
MAGENTA_COLOR	EQU 0003
GREEN_COLOR	EQU 0004
CYAN_COLOR	EQU 0005
YELLOW_COLOR	EQU 0006
WHITE_COLOR	EQU 0007
RED_BLOCK	EQU 0050
ORIG_BLOCK	EQU 0038
INIT_X		EQU 000F
INIT_Y		EQU 000C
INIT_POSITION	EQU 598F
KB_ROW_0_PORT	EQU 00FE
KB_ROW_1_PORT	EQU 00FD
KB_ROW_2_PORT	EQU 00FB
KB_ROW_3_PORT	EQU 00F7
KB_ROW_4_PORT	EQU 00EF
KB_ROW_5_PORT	EQU 00DF
KB_ROW_6_PORT	EQU 00BF
KB_ROW_7_PORT	EQU 007F
Defining MACRO changeAttribute
Params: attribute
Defining MACRO keypress
Params: port, mask
Defining MACRO add_to_hl
Params: value
Defining MACRO sub_from_hl
Params: value
8000:		label start
8000:CDAF0D	CALL 0DAF
8003:218F59	LD HL, 598F
Expanding MACRO changeAttribute
attribute= RED_BLOCK 
LD ( HL ) , attribute 
8006:3650	LD (HL), 50
ENDM 
		ENDM
End of MACRO changeAttribute
8008:		label repeat
8008:0EFE	LD C, FE
Expanding MACRO keypress
port= KB_ROW_5_PORT 
mask= 0001 << 0000 
LD B , port 
800A:06DF	LD B, DF
IN A , ( C ) 
800C:ED78	IN A, (C)
AND mask 
800E:E601	AND 01
ENDM 
		ENDM
End of MACRO keypress
8010:2005	JR NZ, 8017
Expanding MACRO changeAttribute
attribute= ORIG_BLOCK 
LD ( HL ) , attribute 
8012:3638	LD (HL), 38
ENDM 
		ENDM
End of MACRO changeAttribute
8014:23		INC HL
Expanding MACRO changeAttribute
attribute= RED_BLOCK 
LD ( HL ) , attribute 
8015:3650	LD (HL), 50
ENDM 
		ENDM
End of MACRO changeAttribute
8017:		label p_not_pressed
Expanding MACRO keypress
port= KB_ROW_5_PORT 
mask= 0001 << 0001 
LD B , port 
8017:06DF	LD B, DF
IN A , ( C ) 
8019:ED78	IN A, (C)
AND mask 
801B:E602	AND 02
ENDM 
		ENDM
End of MACRO keypress
801D:2005	JR NZ, 8024
Expanding MACRO changeAttribute
attribute= ORIG_BLOCK 
LD ( HL ) , attribute 
801F:3638	LD (HL), 38
ENDM 
		ENDM
End of MACRO changeAttribute
8021:2B		DEC HL
Expanding MACRO changeAttribute
attribute= RED_BLOCK 
LD ( HL ) , attribute 
8022:3650	LD (HL), 50
ENDM 
		ENDM
End of MACRO changeAttribute
8024:		label o_not_pressed
Expanding MACRO keypress
port= KB_ROW_1_PORT 
mask= 0001 << 0000 
LD B , port 
8024:06FD	LD B, FD
IN A , ( C ) 
8026:ED78	IN A, (C)
AND mask 
8028:E601	AND 01
ENDM 
		ENDM
End of MACRO keypress
802A:2009	JR NZ, 8035
Expanding MACRO changeAttribute
attribute= ORIG_BLOCK 
LD ( HL ) , attribute 
802C:3638	LD (HL), 38
ENDM 
		ENDM
End of MACRO changeAttribute
Expanding MACRO add_to_hl
value= 0020 
LD B , 0000 
802E:0600	LD B, 00
LD C , value 
8030:0E20	LD C, 20
ADD HL , BC 
8032:09		ADD HL, BC
ENDM 
		ENDM
End of MACRO add_to_hl
Expanding MACRO changeAttribute
attribute= RED_BLOCK 
LD ( HL ) , attribute 
8033:3650	LD (HL), 50
ENDM 
		ENDM
End of MACRO changeAttribute
8035:		label a_not_pressed
Expanding MACRO keypress
port= KB_ROW_2_PORT 
mask= 0001 << 0000 
LD B , port 
8035:06FB	LD B, FB
IN A , ( C ) 
8037:ED78	IN A, (C)
AND mask 
8039:E601	AND 01
ENDM 
		ENDM
End of MACRO keypress
803B:200B	JR NZ, 8048
Expanding MACRO changeAttribute
attribute= ORIG_BLOCK 
LD ( HL ) , attribute 
803D:3638	LD (HL), 38
ENDM 
		ENDM
End of MACRO changeAttribute
Expanding MACRO sub_from_hl
value= 0020 
LD B , 0000 
803F:0600	LD B, 00
LD C , value 
8041:0E20	LD C, 20
OR A 
8043:B7		OR A
SBC HL , BC 
8044:ED42	SBC HL, BC
ENDM 
		ENDM
End of MACRO sub_from_hl
Expanding MACRO changeAttribute
attribute= RED_BLOCK 
LD ( HL ) , attribute 
8046:3650	LD (HL), 50
ENDM 
		ENDM
End of MACRO changeAttribute
8048:		label q_not_pressed
8048:CD4D80	CALL 804D
804B:18BB	JR 8008
804D:		label delay
804D:061E	LD B, 1E
804F:		label outer_loop
804F:0E00	LD C, 00
8051:		label inner_loop
8051:0D		DEC C
8052:20FD	JR NZ, 8051
8054:10F9	DJNZ 804F
8056:C9		RET
8057:		END 8000
Emiting TAP basic loader
Emiting TAP from 8000 to 8056
